<?xml version="1.0" encoding="UTF-8"?>
<!-- Generated by org.testng.reporters.JUnitReportReporter -->
<testsuite hostname="DEC1486" failures="0" tests="1" name="day2_DiffPostBody.DiffWayToCreatePostRequestBody" time="3.079" errors="0" timestamp="2025-08-27T22:06:27 IST" skipped="0">
  <testcase classname="day2_DiffPostBody.DiffWayToCreatePostRequestBody" name="createPostUsingExternalJSON" time="3.079"/>
</testsuite> <!-- day2_DiffPostBody.DiffWayToCreatePostRequestBody -->
