<?xml version="1.0" encoding="UTF-8"?>
<!-- Generated by org.testng.reporters.JUnitReportReporter -->
<testsuite hostname="DEC1486" failures="0" tests="1" name="day3_QueryPathCookies.CookiesTest" time="1.517" errors="0" timestamp="2025-08-29T21:38:33 IST" skipped="0">
  <testcase classname="day3_QueryPathCookies.CookiesTest" name="getCookies" time="1.517"/>
</testsuite> <!-- day3_QueryPathCookies.CookiesTest -->
