<?xml version="1.0" encoding="UTF-8"?>
<!-- Generated by org.testng.reporters.JUnitReportReporter -->
<testsuite hostname="DEC1486" failures="0" tests="3" name="day1_HTTPRequest.HTTPRequest" time="3.615" errors="0" timestamp="2025-08-26T21:59:46 IST" skipped="0">
  <testcase classname="day1_HTTPRequest.HTTPRequest" name="createUser" time="2.757"/>
  <testcase classname="day1_HTTPRequest.HTTPRequest" name="updateUser" time="0.625"/>
  <testcase classname="day1_HTTPRequest.HTTPRequest" name="deleteUser" time="0.233"/>
</testsuite> <!-- day1_HTTPRequest.HTTPRequest -->
