<?xml version="1.0" encoding="UTF-8"?>
<!-- Generated by org.testng.reporters.JUnitReportReporter -->
<testsuite hostname="DEC1486" failures="0" tests="1" name="day3_QueryPathCookies.LogginDemo" time="2.367" errors="0" timestamp="2025-08-30T20:01:45 IST" skipped="0">
  <testcase classname="day3_QueryPathCookies.LogginDemo" name="testLogging" time="2.367"/>
</testsuite> <!-- day3_QueryPathCookies.LogginDemo -->
