<?xml version="1.0" encoding="UTF-8"?>
<!-- Generated by org.testng.reporters.JUnitReportReporter -->
<testsuite hostname="DEC1486" failures="0" tests="1" name="day3_QueryPathCookies.PathAndQueryParameters" time="2.048" errors="0" timestamp="2025-08-29T21:11:00 IST" skipped="0">
  <testcase classname="day3_QueryPathCookies.PathAndQueryParameters" name="testPathAndQueryParams" time="2.048"/>
</testsuite> <!-- day3_QueryPathCookies.PathAndQueryParameters -->
