<?xml version="1.0" encoding="UTF-8"?>
<!-- Generated by org.testng.reporters.JUnitReportReporter -->
<testsuite hostname="DEC1486" failures="0" tests="1" name="day3_QueryPathCookies.HeadersTest" time="1.963" errors="0" timestamp="2025-08-30T20:03:22 IST" skipped="0">
  <testcase classname="day3_QueryPathCookies.HeadersTest" name="getHeaders" time="1.963"/>
</testsuite> <!-- day3_QueryPathCookies.HeadersTest -->
